{"/Users/alisabelousova/WebstormProjects/sispo/api/responses/badRequest.js":{"path":"/Users/alisabelousova/WebstormProjects/sispo/api/responses/badRequest.js","s":{"1":1,"2":0,"3":0,"4":0,"5":0,"6":0,"7":0,"8":0,"9":0,"10":0,"11":0,"12":0,"13":0,"14":0,"15":0,"16":0,"17":0},"b":{"1":[0,0],"2":[0,0],"3":[0,0],"4":[0,0],"5":[0,0],"6":[0,0]},"f":{"1":0,"2":0},"fnMap":{"1":{"name":"badRequest","line":18,"loc":{"start":{"line":18,"column":17},"end":{"line":18,"column":52}}},"2":{"name":"couldNotGuessView","line":59,"loc":{"start":{"line":59,"column":44},"end":{"line":59,"column":74}}}},"statementMap":{"1":{"start":{"line":18,"column":0},"end":{"line":63,"column":2}},"2":{"start":{"line":21,"column":2},"end":{"line":21,"column":21}},"3":{"start":{"line":22,"column":2},"end":{"line":22,"column":21}},"4":{"start":{"line":23,"column":2},"end":{"line":23,"column":25}},"5":{"start":{"line":26,"column":2},"end":{"line":26,"column":18}},"6":{"start":{"line":29,"column":2},"end":{"line":32,"column":65}},"7":{"start":{"line":30,"column":4},"end":{"line":30,"column":71}},"8":{"start":{"line":32,"column":7},"end":{"line":32,"column":65}},"9":{"start":{"line":37,"column":2},"end":{"line":39,"column":3}},"10":{"start":{"line":38,"column":4},"end":{"line":38,"column":21}},"11":{"start":{"line":42,"column":2},"end":{"line":44,"column":3}},"12":{"start":{"line":43,"column":4},"end":{"line":43,"column":27}},"13":{"start":{"line":48,"column":2},"end":{"line":48,"column":78}},"14":{"start":{"line":53,"column":2},"end":{"line":61,"column":5}},"15":{"start":{"line":54,"column":4},"end":{"line":54,"column":50}},"16":{"start":{"line":59,"column":7},"end":{"line":61,"column":5}},"17":{"start":{"line":60,"column":4},"end":{"line":60,"column":27}}},"branchMap":{"1":{"line":29,"type":"if","locations":[{"start":{"line":29,"column":2},"end":{"line":29,"column":2}},{"start":{"line":29,"column":2},"end":{"line":29,"column":2}}]},"2":{"line":37,"type":"if","locations":[{"start":{"line":37,"column":2},"end":{"line":37,"column":2}},{"start":{"line":37,"column":2},"end":{"line":37,"column":2}}]},"3":{"line":42,"type":"if","locations":[{"start":{"line":42,"column":2},"end":{"line":42,"column":2}},{"start":{"line":42,"column":2},"end":{"line":42,"column":2}}]},"4":{"line":48,"type":"cond-expr","locations":[{"start":{"line":48,"column":44},"end":{"line":48,"column":61}},{"start":{"line":48,"column":64},"end":{"line":48,"column":77}}]},"5":{"line":48,"type":"binary-expr","locations":[{"start":{"line":48,"column":64},"end":{"line":48,"column":71}},{"start":{"line":48,"column":75},"end":{"line":48,"column":77}}]},"6":{"line":53,"type":"if","locations":[{"start":{"line":53,"column":2},"end":{"line":53,"column":2}},{"start":{"line":53,"column":2},"end":{"line":53,"column":2}}]}}},"/Users/alisabelousova/WebstormProjects/sispo/api/responses/forbidden.js":{"path":"/Users/alisabelousova/WebstormProjects/sispo/api/responses/forbidden.js","s":{"1":1,"2":0,"3":0,"4":0,"5":0,"6":0,"7":0,"8":0,"9":0,"10":0,"11":0,"12":0,"13":0,"14":0,"15":0,"16":0,"17":0,"18":0,"19":0,"20":0,"21":0,"22":0},"b":{"1":[0,0],"2":[0,0],"3":[0,0],"4":[0,0],"5":[0,0],"6":[0,0],"7":[0,0],"8":[0,0]},"f":{"1":0,"2":0},"fnMap":{"1":{"name":"forbidden","line":15,"loc":{"start":{"line":15,"column":17},"end":{"line":15,"column":52}}},"2":{"name":"(anonymous_2)","line":56,"loc":{"start":{"line":56,"column":46},"end":{"line":56,"column":67}}}},"statementMap":{"1":{"start":{"line":15,"column":0},"end":{"line":76,"column":2}},"2":{"start":{"line":18,"column":2},"end":{"line":18,"column":21}},"3":{"start":{"line":19,"column":2},"end":{"line":19,"column":21}},"4":{"start":{"line":20,"column":2},"end":{"line":20,"column":25}},"5":{"start":{"line":23,"column":2},"end":{"line":23,"column":18}},"6":{"start":{"line":26,"column":2},"end":{"line":29,"column":63}},"7":{"start":{"line":27,"column":4},"end":{"line":27,"column":69}},"8":{"start":{"line":29,"column":7},"end":{"line":29,"column":63}},"9":{"start":{"line":34,"column":2},"end":{"line":36,"column":3}},"10":{"start":{"line":35,"column":4},"end":{"line":35,"column":21}},"11":{"start":{"line":39,"column":2},"end":{"line":41,"column":3}},"12":{"start":{"line":40,"column":4},"end":{"line":40,"column":27}},"13":{"start":{"line":45,"column":2},"end":{"line":45,"column":78}},"14":{"start":{"line":50,"column":2},"end":{"line":74,"column":5}},"15":{"start":{"line":51,"column":4},"end":{"line":51,"column":50}},"16":{"start":{"line":56,"column":7},"end":{"line":74,"column":5}},"17":{"start":{"line":59,"column":4},"end":{"line":71,"column":5}},"18":{"start":{"line":63,"column":6},"end":{"line":69,"column":7}},"19":{"start":{"line":64,"column":8},"end":{"line":64,"column":124}},"20":{"start":{"line":68,"column":8},"end":{"line":68,"column":145}},"21":{"start":{"line":70,"column":6},"end":{"line":70,"column":29}},"22":{"start":{"line":73,"column":4},"end":{"line":73,"column":26}}},"branchMap":{"1":{"line":26,"type":"if","locations":[{"start":{"line":26,"column":2},"end":{"line":26,"column":2}},{"start":{"line":26,"column":2},"end":{"line":26,"column":2}}]},"2":{"line":34,"type":"if","locations":[{"start":{"line":34,"column":2},"end":{"line":34,"column":2}},{"start":{"line":34,"column":2},"end":{"line":34,"column":2}}]},"3":{"line":39,"type":"if","locations":[{"start":{"line":39,"column":2},"end":{"line":39,"column":2}},{"start":{"line":39,"column":2},"end":{"line":39,"column":2}}]},"4":{"line":45,"type":"cond-expr","locations":[{"start":{"line":45,"column":44},"end":{"line":45,"column":61}},{"start":{"line":45,"column":64},"end":{"line":45,"column":77}}]},"5":{"line":45,"type":"binary-expr","locations":[{"start":{"line":45,"column":64},"end":{"line":45,"column":71}},{"start":{"line":45,"column":75},"end":{"line":45,"column":77}}]},"6":{"line":50,"type":"if","locations":[{"start":{"line":50,"column":2},"end":{"line":50,"column":2}},{"start":{"line":50,"column":2},"end":{"line":50,"column":2}}]},"7":{"line":59,"type":"if","locations":[{"start":{"line":59,"column":4},"end":{"line":59,"column":4}},{"start":{"line":59,"column":4},"end":{"line":59,"column":4}}]},"8":{"line":63,"type":"if","locations":[{"start":{"line":63,"column":6},"end":{"line":63,"column":6}},{"start":{"line":63,"column":6},"end":{"line":63,"column":6}}]}}},"/Users/alisabelousova/WebstormProjects/sispo/api/responses/notFound.js":{"path":"/Users/alisabelousova/WebstormProjects/sispo/api/responses/notFound.js","s":{"1":1,"2":0,"3":0,"4":0,"5":0,"6":0,"7":0,"8":0,"9":0,"10":0,"11":0,"12":0,"13":0,"14":0,"15":0,"16":0,"17":0,"18":0,"19":0,"20":0,"21":0,"22":0},"b":{"1":[0,0],"2":[0,0],"3":[0,0],"4":[0,0],"5":[0,0],"6":[0,0],"7":[0,0],"8":[0,0]},"f":{"1":0,"2":0},"fnMap":{"1":{"name":"notFound","line":20,"loc":{"start":{"line":20,"column":17},"end":{"line":20,"column":51}}},"2":{"name":"(anonymous_2)","line":61,"loc":{"start":{"line":61,"column":46},"end":{"line":61,"column":67}}}},"statementMap":{"1":{"start":{"line":20,"column":0},"end":{"line":81,"column":2}},"2":{"start":{"line":23,"column":2},"end":{"line":23,"column":21}},"3":{"start":{"line":24,"column":2},"end":{"line":24,"column":21}},"4":{"start":{"line":25,"column":2},"end":{"line":25,"column":25}},"5":{"start":{"line":28,"column":2},"end":{"line":28,"column":18}},"6":{"start":{"line":31,"column":2},"end":{"line":34,"column":63}},"7":{"start":{"line":32,"column":4},"end":{"line":32,"column":69}},"8":{"start":{"line":34,"column":7},"end":{"line":34,"column":63}},"9":{"start":{"line":39,"column":2},"end":{"line":41,"column":3}},"10":{"start":{"line":40,"column":4},"end":{"line":40,"column":21}},"11":{"start":{"line":44,"column":2},"end":{"line":46,"column":3}},"12":{"start":{"line":45,"column":4},"end":{"line":45,"column":27}},"13":{"start":{"line":50,"column":2},"end":{"line":50,"column":78}},"14":{"start":{"line":55,"column":2},"end":{"line":79,"column":5}},"15":{"start":{"line":56,"column":4},"end":{"line":56,"column":50}},"16":{"start":{"line":61,"column":7},"end":{"line":79,"column":5}},"17":{"start":{"line":64,"column":4},"end":{"line":76,"column":5}},"18":{"start":{"line":68,"column":6},"end":{"line":74,"column":7}},"19":{"start":{"line":69,"column":8},"end":{"line":69,"column":123}},"20":{"start":{"line":73,"column":8},"end":{"line":73,"column":144}},"21":{"start":{"line":75,"column":6},"end":{"line":75,"column":29}},"22":{"start":{"line":78,"column":4},"end":{"line":78,"column":26}}},"branchMap":{"1":{"line":31,"type":"if","locations":[{"start":{"line":31,"column":2},"end":{"line":31,"column":2}},{"start":{"line":31,"column":2},"end":{"line":31,"column":2}}]},"2":{"line":39,"type":"if","locations":[{"start":{"line":39,"column":2},"end":{"line":39,"column":2}},{"start":{"line":39,"column":2},"end":{"line":39,"column":2}}]},"3":{"line":44,"type":"if","locations":[{"start":{"line":44,"column":2},"end":{"line":44,"column":2}},{"start":{"line":44,"column":2},"end":{"line":44,"column":2}}]},"4":{"line":50,"type":"cond-expr","locations":[{"start":{"line":50,"column":44},"end":{"line":50,"column":61}},{"start":{"line":50,"column":64},"end":{"line":50,"column":77}}]},"5":{"line":50,"type":"binary-expr","locations":[{"start":{"line":50,"column":64},"end":{"line":50,"column":71}},{"start":{"line":50,"column":75},"end":{"line":50,"column":77}}]},"6":{"line":55,"type":"if","locations":[{"start":{"line":55,"column":2},"end":{"line":55,"column":2}},{"start":{"line":55,"column":2},"end":{"line":55,"column":2}}]},"7":{"line":64,"type":"if","locations":[{"start":{"line":64,"column":4},"end":{"line":64,"column":4}},{"start":{"line":64,"column":4},"end":{"line":64,"column":4}}]},"8":{"line":68,"type":"if","locations":[{"start":{"line":68,"column":6},"end":{"line":68,"column":6}},{"start":{"line":68,"column":6},"end":{"line":68,"column":6}}]}}},"/Users/alisabelousova/WebstormProjects/sispo/api/responses/ok.js":{"path":"/Users/alisabelousova/WebstormProjects/sispo/api/responses/ok.js","s":{"1":1,"2":0,"3":0,"4":0,"5":0,"6":0,"7":0,"8":0,"9":0,"10":0,"11":0,"12":0,"13":0},"b":{"1":[0,0],"2":[0,0],"3":[0,0],"4":[0,0]},"f":{"1":0,"2":0},"fnMap":{"1":{"name":"sendOK","line":14,"loc":{"start":{"line":14,"column":17},"end":{"line":14,"column":49}}},"2":{"name":"couldNotGuessView","line":44,"loc":{"start":{"line":44,"column":44},"end":{"line":44,"column":74}}}},"statementMap":{"1":{"start":{"line":14,"column":0},"end":{"line":48,"column":2}},"2":{"start":{"line":17,"column":2},"end":{"line":17,"column":21}},"3":{"start":{"line":18,"column":2},"end":{"line":18,"column":21}},"4":{"start":{"line":19,"column":2},"end":{"line":19,"column":25}},"5":{"start":{"line":21,"column":2},"end":{"line":21,"column":61}},"6":{"start":{"line":24,"column":2},"end":{"line":24,"column":18}},"7":{"start":{"line":27,"column":2},"end":{"line":29,"column":3}},"8":{"start":{"line":28,"column":4},"end":{"line":28,"column":27}},"9":{"start":{"line":33,"column":2},"end":{"line":33,"column":78}},"10":{"start":{"line":38,"column":2},"end":{"line":46,"column":5}},"11":{"start":{"line":39,"column":4},"end":{"line":39,"column":50}},"12":{"start":{"line":44,"column":7},"end":{"line":46,"column":5}},"13":{"start":{"line":45,"column":4},"end":{"line":45,"column":27}}},"branchMap":{"1":{"line":27,"type":"if","locations":[{"start":{"line":27,"column":2},"end":{"line":27,"column":2}},{"start":{"line":27,"column":2},"end":{"line":27,"column":2}}]},"2":{"line":33,"type":"cond-expr","locations":[{"start":{"line":33,"column":44},"end":{"line":33,"column":61}},{"start":{"line":33,"column":64},"end":{"line":33,"column":77}}]},"3":{"line":33,"type":"binary-expr","locations":[{"start":{"line":33,"column":64},"end":{"line":33,"column":71}},{"start":{"line":33,"column":75},"end":{"line":33,"column":77}}]},"4":{"line":38,"type":"if","locations":[{"start":{"line":38,"column":2},"end":{"line":38,"column":2}},{"start":{"line":38,"column":2},"end":{"line":38,"column":2}}]}}},"/Users/alisabelousova/WebstormProjects/sispo/api/responses/serverError.js":{"path":"/Users/alisabelousova/WebstormProjects/sispo/api/responses/serverError.js","s":{"1":1,"2":0,"3":0,"4":0,"5":0,"6":0,"7":0,"8":0,"9":0,"10":0,"11":0,"12":0,"13":0,"14":0,"15":0,"16":0,"17":0,"18":0,"19":0,"20":0,"21":0,"22":0},"b":{"1":[0,0],"2":[0,0],"3":[0,0],"4":[0,0],"5":[0,0],"6":[0,0],"7":[0,0],"8":[0,0]},"f":{"1":0,"2":0},"fnMap":{"1":{"name":"serverError","line":15,"loc":{"start":{"line":15,"column":17},"end":{"line":15,"column":54}}},"2":{"name":"(anonymous_2)","line":56,"loc":{"start":{"line":56,"column":46},"end":{"line":56,"column":67}}}},"statementMap":{"1":{"start":{"line":15,"column":0},"end":{"line":76,"column":2}},"2":{"start":{"line":18,"column":2},"end":{"line":18,"column":21}},"3":{"start":{"line":19,"column":2},"end":{"line":19,"column":21}},"4":{"start":{"line":20,"column":2},"end":{"line":20,"column":25}},"5":{"start":{"line":23,"column":2},"end":{"line":23,"column":18}},"6":{"start":{"line":26,"column":2},"end":{"line":29,"column":70}},"7":{"start":{"line":27,"column":4},"end":{"line":27,"column":70}},"8":{"start":{"line":29,"column":7},"end":{"line":29,"column":70}},"9":{"start":{"line":34,"column":2},"end":{"line":36,"column":3}},"10":{"start":{"line":35,"column":4},"end":{"line":35,"column":21}},"11":{"start":{"line":39,"column":2},"end":{"line":41,"column":3}},"12":{"start":{"line":40,"column":4},"end":{"line":40,"column":27}},"13":{"start":{"line":45,"column":2},"end":{"line":45,"column":78}},"14":{"start":{"line":50,"column":2},"end":{"line":74,"column":5}},"15":{"start":{"line":51,"column":4},"end":{"line":51,"column":50}},"16":{"start":{"line":56,"column":7},"end":{"line":74,"column":5}},"17":{"start":{"line":59,"column":4},"end":{"line":71,"column":5}},"18":{"start":{"line":63,"column":6},"end":{"line":69,"column":7}},"19":{"start":{"line":64,"column":8},"end":{"line":64,"column":126}},"20":{"start":{"line":68,"column":8},"end":{"line":68,"column":147}},"21":{"start":{"line":70,"column":6},"end":{"line":70,"column":29}},"22":{"start":{"line":73,"column":4},"end":{"line":73,"column":26}}},"branchMap":{"1":{"line":26,"type":"if","locations":[{"start":{"line":26,"column":2},"end":{"line":26,"column":2}},{"start":{"line":26,"column":2},"end":{"line":26,"column":2}}]},"2":{"line":34,"type":"if","locations":[{"start":{"line":34,"column":2},"end":{"line":34,"column":2}},{"start":{"line":34,"column":2},"end":{"line":34,"column":2}}]},"3":{"line":39,"type":"if","locations":[{"start":{"line":39,"column":2},"end":{"line":39,"column":2}},{"start":{"line":39,"column":2},"end":{"line":39,"column":2}}]},"4":{"line":45,"type":"cond-expr","locations":[{"start":{"line":45,"column":44},"end":{"line":45,"column":61}},{"start":{"line":45,"column":64},"end":{"line":45,"column":77}}]},"5":{"line":45,"type":"binary-expr","locations":[{"start":{"line":45,"column":64},"end":{"line":45,"column":71}},{"start":{"line":45,"column":75},"end":{"line":45,"column":77}}]},"6":{"line":50,"type":"if","locations":[{"start":{"line":50,"column":2},"end":{"line":50,"column":2}},{"start":{"line":50,"column":2},"end":{"line":50,"column":2}}]},"7":{"line":59,"type":"if","locations":[{"start":{"line":59,"column":4},"end":{"line":59,"column":4}},{"start":{"line":59,"column":4},"end":{"line":59,"column":4}}]},"8":{"line":63,"type":"if","locations":[{"start":{"line":63,"column":6},"end":{"line":63,"column":6}},{"start":{"line":63,"column":6},"end":{"line":63,"column":6}}]}}},"/Users/alisabelousova/WebstormProjects/sispo/api/services/passport.js":{"path":"/Users/alisabelousova/WebstormProjects/sispo/api/services/passport.js","s":{"1":1,"2":1,"3":1,"4":0,"5":0,"6":0,"7":0,"8":0,"9":0,"10":0,"11":0,"12":0,"13":0,"14":0,"15":0,"16":0,"17":0,"18":0,"19":0,"20":0,"21":0,"22":0,"23":0,"24":0,"25":0,"26":0,"27":0,"28":0,"29":0,"30":0,"31":0,"32":0,"33":0,"34":0,"35":0,"36":0,"37":0,"38":0,"39":0,"40":0,"41":0,"42":0,"43":0,"44":0,"45":1,"46":0,"47":0,"48":0,"49":0,"50":0,"51":0,"52":0,"53":1,"54":0,"55":0,"56":0,"57":0,"58":0,"59":0,"60":0,"61":0,"62":0,"63":0,"64":0,"65":0,"66":0,"67":1,"68":1,"69":1,"70":5,"71":5,"72":1,"73":1,"74":1,"75":1,"76":1,"77":1,"78":1,"79":4,"80":1,"81":1,"82":1,"83":3,"84":3,"85":3,"86":3,"87":3,"88":3,"89":3,"90":3,"91":0,"92":0,"93":0,"94":0,"95":3,"96":3,"97":3,"98":3,"99":1,"100":0,"101":0,"102":0,"103":0,"104":0,"105":0,"106":0,"107":0,"108":1,"109":0,"110":1,"111":0,"112":1},"b":{"1":[0,0],"2":[0,0],"3":[0,0],"4":[0,0],"5":[0,0],"6":[0,0],"7":[0,0],"8":[0,0],"9":[0,0],"10":[0,0],"11":[0,0],"12":[0,0],"13":[0,0],"14":[0,0],"15":[0,0],"16":[0,0],"17":[0,0],"18":[0,0],"19":[0,0],"20":[0,0],"21":[0,0],"22":[0,0],"23":[0,0],"24":[0,0],"25":[0,0],"26":[0,0],"27":[0,0],"28":[0,0],"29":[0,0],"30":[0,0],"31":[1,4],"32":[1,1],"33":[1,0],"34":[1,3],"35":[1,0],"36":[3,0],"37":[1,3,0],"38":[0,0],"39":[0,0]},"f":{"1":0,"2":0,"3":0,"4":0,"5":0,"6":0,"7":0,"8":0,"9":1,"10":5,"11":0,"12":0,"13":0,"14":0,"15":0},"fnMap":{"1":{"name":"(anonymous_1)","line":66,"loc":{"start":{"line":66,"column":19},"end":{"line":66,"column":56}}},"2":{"name":"(anonymous_2)","line":103,"loc":{"start":{"line":103,"column":5},"end":{"line":103,"column":30}}},"3":{"name":"(anonymous_3)","line":113,"loc":{"start":{"line":113,"column":26},"end":{"line":113,"column":47}}},"4":{"name":"(anonymous_4)","line":129,"loc":{"start":{"line":129,"column":33},"end":{"line":129,"column":58}}},"5":{"name":"(anonymous_5)","line":149,"loc":{"start":{"line":149,"column":22},"end":{"line":149,"column":47}}},"6":{"name":"(anonymous_6)","line":165,"loc":{"start":{"line":165,"column":31},"end":{"line":165,"column":56}}},"7":{"name":"(anonymous_7)","line":192,"loc":{"start":{"line":192,"column":20},"end":{"line":192,"column":40}}},"8":{"name":"(anonymous_8)","line":225,"loc":{"start":{"line":225,"column":20},"end":{"line":225,"column":46}}},"9":{"name":"(anonymous_9)","line":280,"loc":{"start":{"line":280,"column":26},"end":{"line":280,"column":38}}},"10":{"name":"(anonymous_10)","line":284,"loc":{"start":{"line":284,"column":34},"end":{"line":284,"column":49}}},"11":{"name":"(anonymous_11)","line":353,"loc":{"start":{"line":353,"column":22},"end":{"line":353,"column":48}}},"12":{"name":"(anonymous_12)","line":360,"loc":{"start":{"line":360,"column":7},"end":{"line":360,"column":32}}},"13":{"name":"(anonymous_13)","line":365,"loc":{"start":{"line":365,"column":36},"end":{"line":365,"column":53}}},"14":{"name":"(anonymous_14)","line":375,"loc":{"start":{"line":375,"column":23},"end":{"line":375,"column":45}}},"15":{"name":"(anonymous_15)","line":379,"loc":{"start":{"line":379,"column":25},"end":{"line":379,"column":45}}}},"statementMap":{"1":{"start":{"line":2,"column":0},"end":{"line":4,"column":35}},"2":{"start":{"line":31,"column":0},"end":{"line":31,"column":44}},"3":{"start":{"line":66,"column":0},"end":{"line":181,"column":2}},"4":{"start":{"line":67,"column":2},"end":{"line":68,"column":15}},"5":{"start":{"line":71,"column":2},"end":{"line":71,"column":41}},"6":{"start":{"line":75,"column":2},"end":{"line":75,"column":48}},"7":{"start":{"line":79,"column":2},"end":{"line":81,"column":3}},"8":{"start":{"line":80,"column":4},"end":{"line":80,"column":73}},"9":{"start":{"line":85,"column":2},"end":{"line":87,"column":3}},"10":{"start":{"line":86,"column":4},"end":{"line":86,"column":41}},"11":{"start":{"line":89,"column":2},"end":{"line":91,"column":3}},"12":{"start":{"line":90,"column":4},"end":{"line":90,"column":37}},"13":{"start":{"line":96,"column":2},"end":{"line":98,"column":3}},"14":{"start":{"line":97,"column":4},"end":{"line":97,"column":73}},"15":{"start":{"line":100,"column":2},"end":{"line":180,"column":5}},"16":{"start":{"line":104,"column":4},"end":{"line":106,"column":5}},"17":{"start":{"line":105,"column":6},"end":{"line":105,"column":23}},"18":{"start":{"line":108,"column":4},"end":{"line":179,"column":5}},"19":{"start":{"line":112,"column":6},"end":{"line":157,"column":7}},"20":{"start":{"line":113,"column":8},"end":{"line":137,"column":11}},"21":{"start":{"line":114,"column":10},"end":{"line":125,"column":11}},"22":{"start":{"line":115,"column":12},"end":{"line":122,"column":13}},"23":{"start":{"line":116,"column":14},"end":{"line":121,"column":15}},"24":{"start":{"line":117,"column":16},"end":{"line":117,"column":66}},"25":{"start":{"line":120,"column":16},"end":{"line":120,"column":65}},"26":{"start":{"line":124,"column":12},"end":{"line":124,"column":29}},"27":{"start":{"line":127,"column":10},"end":{"line":127,"column":31}},"28":{"start":{"line":129,"column":10},"end":{"line":136,"column":13}},"29":{"start":{"line":131,"column":12},"end":{"line":133,"column":13}},"30":{"start":{"line":132,"column":14},"end":{"line":132,"column":31}},"31":{"start":{"line":135,"column":12},"end":{"line":135,"column":28}},"32":{"start":{"line":144,"column":8},"end":{"line":146,"column":9}},"33":{"start":{"line":145,"column":10},"end":{"line":145,"column":41}},"34":{"start":{"line":149,"column":8},"end":{"line":156,"column":11}},"35":{"start":{"line":150,"column":10},"end":{"line":152,"column":11}},"36":{"start":{"line":151,"column":12},"end":{"line":151,"column":29}},"37":{"start":{"line":155,"column":10},"end":{"line":155,"column":47}},"38":{"start":{"line":162,"column":6},"end":{"line":178,"column":7}},"39":{"start":{"line":163,"column":8},"end":{"line":163,"column":33}},"40":{"start":{"line":165,"column":8},"end":{"line":172,"column":11}},"41":{"start":{"line":167,"column":10},"end":{"line":169,"column":11}},"42":{"start":{"line":168,"column":12},"end":{"line":168,"column":29}},"43":{"start":{"line":171,"column":10},"end":{"line":171,"column":30}},"44":{"start":{"line":177,"column":8},"end":{"line":177,"column":29}},"45":{"start":{"line":192,"column":0},"end":{"line":213,"column":2}},"46":{"start":{"line":193,"column":2},"end":{"line":195,"column":22}},"47":{"start":{"line":199,"column":2},"end":{"line":201,"column":3}},"48":{"start":{"line":200,"column":4},"end":{"line":200,"column":34}},"49":{"start":{"line":204,"column":2},"end":{"line":206,"column":3}},"50":{"start":{"line":205,"column":4},"end":{"line":205,"column":47}},"51":{"start":{"line":211,"column":2},"end":{"line":211,"column":22}},"52":{"start":{"line":212,"column":2},"end":{"line":212,"column":59}},"53":{"start":{"line":225,"column":0},"end":{"line":256,"column":2}},"54":{"start":{"line":226,"column":2},"end":{"line":227,"column":37}},"55":{"start":{"line":231,"column":2},"end":{"line":255,"column":3}},"56":{"start":{"line":232,"column":4},"end":{"line":243,"column":5}},"57":{"start":{"line":233,"column":6},"end":{"line":233,"column":52}},"58":{"start":{"line":235,"column":9},"end":{"line":243,"column":5}},"59":{"start":{"line":236,"column":6},"end":{"line":236,"column":51}},"60":{"start":{"line":238,"column":9},"end":{"line":243,"column":5}},"61":{"start":{"line":239,"column":6},"end":{"line":239,"column":54}},"62":{"start":{"line":242,"column":6},"end":{"line":242,"column":40}},"63":{"start":{"line":245,"column":4},"end":{"line":254,"column":5}},"64":{"start":{"line":246,"column":6},"end":{"line":246,"column":39}},"65":{"start":{"line":252,"column":6},"end":{"line":252,"column":27}},"66":{"start":{"line":253,"column":6},"end":{"line":253,"column":60}},"67":{"start":{"line":280,"column":0},"end":{"line":345,"column":2}},"68":{"start":{"line":281,"column":2},"end":{"line":282,"column":41}},"69":{"start":{"line":284,"column":2},"end":{"line":344,"column":5}},"70":{"start":{"line":285,"column":4},"end":{"line":285,"column":56}},"71":{"start":{"line":287,"column":4},"end":{"line":343,"column":5}},"72":{"start":{"line":290,"column":6},"end":{"line":290,"column":57}},"73":{"start":{"line":293,"column":6},"end":{"line":293,"column":55}},"74":{"start":{"line":296,"column":6},"end":{"line":302,"column":7}},"75":{"start":{"line":297,"column":8},"end":{"line":297,"column":44}},"76":{"start":{"line":299,"column":8},"end":{"line":299,"column":28}},"77":{"start":{"line":300,"column":8},"end":{"line":300,"column":68}},"78":{"start":{"line":301,"column":8},"end":{"line":301,"column":28}},"79":{"start":{"line":303,"column":11},"end":{"line":343,"column":5}},"80":{"start":{"line":305,"column":6},"end":{"line":308,"column":7}},"81":{"start":{"line":306,"column":8},"end":{"line":306,"column":44}},"82":{"start":{"line":307,"column":8},"end":{"line":307,"column":64}},"83":{"start":{"line":311,"column":6},"end":{"line":312,"column":46}},"84":{"start":{"line":314,"column":6},"end":{"line":316,"column":7}},"85":{"start":{"line":315,"column":8},"end":{"line":315,"column":47}},"86":{"start":{"line":318,"column":6},"end":{"line":318,"column":42}},"87":{"start":{"line":320,"column":6},"end":{"line":320,"column":39}},"88":{"start":{"line":322,"column":6},"end":{"line":333,"column":7}},"89":{"start":{"line":325,"column":10},"end":{"line":325,"column":63}},"90":{"start":{"line":326,"column":10},"end":{"line":326,"column":16}},"91":{"start":{"line":329,"column":10},"end":{"line":329,"column":61}},"92":{"start":{"line":330,"column":10},"end":{"line":330,"column":38}},"93":{"start":{"line":331,"column":10},"end":{"line":331,"column":35}},"94":{"start":{"line":332,"column":10},"end":{"line":332,"column":16}},"95":{"start":{"line":338,"column":6},"end":{"line":338,"column":49}},"96":{"start":{"line":340,"column":6},"end":{"line":340,"column":26}},"97":{"start":{"line":341,"column":6},"end":{"line":341,"column":64}},"98":{"start":{"line":342,"column":6},"end":{"line":342,"column":26}},"99":{"start":{"line":353,"column":0},"end":{"line":373,"column":2}},"100":{"start":{"line":354,"column":2},"end":{"line":355,"column":39}},"101":{"start":{"line":357,"column":2},"end":{"line":372,"column":5}},"102":{"start":{"line":361,"column":6},"end":{"line":363,"column":7}},"103":{"start":{"line":362,"column":8},"end":{"line":362,"column":25}},"104":{"start":{"line":365,"column":6},"end":{"line":371,"column":9}},"105":{"start":{"line":366,"column":8},"end":{"line":368,"column":9}},"106":{"start":{"line":367,"column":10},"end":{"line":367,"column":27}},"107":{"start":{"line":370,"column":8},"end":{"line":370,"column":25}},"108":{"start":{"line":375,"column":0},"end":{"line":377,"column":3}},"109":{"start":{"line":376,"column":2},"end":{"line":376,"column":22}},"110":{"start":{"line":379,"column":0},"end":{"line":381,"column":3}},"111":{"start":{"line":380,"column":2},"end":{"line":380,"column":25}},"112":{"start":{"line":383,"column":0},"end":{"line":383,"column":26}}},"branchMap":{"1":{"line":75,"type":"binary-expr","locations":[{"start":{"line":75,"column":13},"end":{"line":75,"column":29}},{"start":{"line":75,"column":33},"end":{"line":75,"column":47}}]},"2":{"line":79,"type":"if","locations":[{"start":{"line":79,"column":2},"end":{"line":79,"column":2}},{"start":{"line":79,"column":2},"end":{"line":79,"column":2}}]},"3":{"line":85,"type":"if","locations":[{"start":{"line":85,"column":2},"end":{"line":85,"column":2}},{"start":{"line":85,"column":2},"end":{"line":85,"column":2}}]},"4":{"line":89,"type":"if","locations":[{"start":{"line":89,"column":2},"end":{"line":89,"column":2}},{"start":{"line":89,"column":2},"end":{"line":89,"column":2}}]},"5":{"line":96,"type":"if","locations":[{"start":{"line":96,"column":2},"end":{"line":96,"column":2}},{"start":{"line":96,"column":2},"end":{"line":96,"column":2}}]},"6":{"line":96,"type":"binary-expr","locations":[{"start":{"line":96,"column":6},"end":{"line":96,"column":20}},{"start":{"line":96,"column":24},"end":{"line":96,"column":35}}]},"7":{"line":104,"type":"if","locations":[{"start":{"line":104,"column":4},"end":{"line":104,"column":4}},{"start":{"line":104,"column":4},"end":{"line":104,"column":4}}]},"8":{"line":108,"type":"if","locations":[{"start":{"line":108,"column":4},"end":{"line":108,"column":4}},{"start":{"line":108,"column":4},"end":{"line":108,"column":4}}]},"9":{"line":112,"type":"if","locations":[{"start":{"line":112,"column":6},"end":{"line":112,"column":6}},{"start":{"line":112,"column":6},"end":{"line":112,"column":6}}]},"10":{"line":114,"type":"if","locations":[{"start":{"line":114,"column":10},"end":{"line":114,"column":10}},{"start":{"line":114,"column":10},"end":{"line":114,"column":10}}]},"11":{"line":115,"type":"if","locations":[{"start":{"line":115,"column":12},"end":{"line":115,"column":12}},{"start":{"line":115,"column":12},"end":{"line":115,"column":12}}]},"12":{"line":116,"type":"if","locations":[{"start":{"line":116,"column":14},"end":{"line":116,"column":14}},{"start":{"line":116,"column":14},"end":{"line":116,"column":14}}]},"13":{"line":131,"type":"if","locations":[{"start":{"line":131,"column":12},"end":{"line":131,"column":12}},{"start":{"line":131,"column":12},"end":{"line":131,"column":12}}]},"14":{"line":144,"type":"if","locations":[{"start":{"line":144,"column":8},"end":{"line":144,"column":8}},{"start":{"line":144,"column":8},"end":{"line":144,"column":8}}]},"15":{"line":144,"type":"binary-expr","locations":[{"start":{"line":144,"column":12},"end":{"line":144,"column":42}},{"start":{"line":144,"column":46},"end":{"line":144,"column":78}}]},"16":{"line":150,"type":"if","locations":[{"start":{"line":150,"column":10},"end":{"line":150,"column":10}},{"start":{"line":150,"column":10},"end":{"line":150,"column":10}}]},"17":{"line":162,"type":"if","locations":[{"start":{"line":162,"column":6},"end":{"line":162,"column":6}},{"start":{"line":162,"column":6},"end":{"line":162,"column":6}}]},"18":{"line":167,"type":"if","locations":[{"start":{"line":167,"column":10},"end":{"line":167,"column":10}},{"start":{"line":167,"column":10},"end":{"line":167,"column":10}}]},"19":{"line":199,"type":"if","locations":[{"start":{"line":199,"column":2},"end":{"line":199,"column":2}},{"start":{"line":199,"column":2},"end":{"line":199,"column":2}}]},"20":{"line":204,"type":"if","locations":[{"start":{"line":204,"column":2},"end":{"line":204,"column":2}},{"start":{"line":204,"column":2},"end":{"line":204,"column":2}}]},"21":{"line":231,"type":"if","locations":[{"start":{"line":231,"column":2},"end":{"line":231,"column":2}},{"start":{"line":231,"column":2},"end":{"line":231,"column":2}}]},"22":{"line":231,"type":"binary-expr","locations":[{"start":{"line":231,"column":6},"end":{"line":231,"column":26}},{"start":{"line":231,"column":30},"end":{"line":231,"column":50}}]},"23":{"line":232,"type":"if","locations":[{"start":{"line":232,"column":4},"end":{"line":232,"column":4}},{"start":{"line":232,"column":4},"end":{"line":232,"column":4}}]},"24":{"line":232,"type":"binary-expr","locations":[{"start":{"line":232,"column":8},"end":{"line":232,"column":29}},{"start":{"line":232,"column":33},"end":{"line":232,"column":42}}]},"25":{"line":235,"type":"if","locations":[{"start":{"line":235,"column":9},"end":{"line":235,"column":9}},{"start":{"line":235,"column":9},"end":{"line":235,"column":9}}]},"26":{"line":235,"type":"binary-expr","locations":[{"start":{"line":235,"column":13},"end":{"line":235,"column":33}},{"start":{"line":235,"column":37},"end":{"line":235,"column":45}}]},"27":{"line":238,"type":"if","locations":[{"start":{"line":238,"column":9},"end":{"line":238,"column":9}},{"start":{"line":238,"column":9},"end":{"line":238,"column":9}}]},"28":{"line":238,"type":"binary-expr","locations":[{"start":{"line":238,"column":13},"end":{"line":238,"column":36}},{"start":{"line":238,"column":40},"end":{"line":238,"column":48}}]},"29":{"line":245,"type":"if","locations":[{"start":{"line":245,"column":4},"end":{"line":245,"column":4}},{"start":{"line":245,"column":4},"end":{"line":245,"column":4}}]},"30":{"line":245,"type":"binary-expr","locations":[{"start":{"line":245,"column":8},"end":{"line":245,"column":31}},{"start":{"line":245,"column":35},"end":{"line":245,"column":43}}]},"31":{"line":287,"type":"if","locations":[{"start":{"line":287,"column":4},"end":{"line":287,"column":4}},{"start":{"line":287,"column":4},"end":{"line":287,"column":4}}]},"32":{"line":293,"type":"binary-expr","locations":[{"start":{"line":293,"column":24},"end":{"line":293,"column":47}},{"start":{"line":293,"column":51},"end":{"line":293,"column":53}}]},"33":{"line":296,"type":"if","locations":[{"start":{"line":296,"column":6},"end":{"line":296,"column":6}},{"start":{"line":296,"column":6},"end":{"line":296,"column":6}}]},"34":{"line":303,"type":"if","locations":[{"start":{"line":303,"column":11},"end":{"line":303,"column":11}},{"start":{"line":303,"column":11},"end":{"line":303,"column":11}}]},"35":{"line":305,"type":"if","locations":[{"start":{"line":305,"column":6},"end":{"line":305,"column":6}},{"start":{"line":305,"column":6},"end":{"line":305,"column":6}}]},"36":{"line":314,"type":"if","locations":[{"start":{"line":314,"column":6},"end":{"line":314,"column":6}},{"start":{"line":314,"column":6},"end":{"line":314,"column":6}}]},"37":{"line":322,"type":"switch","locations":[{"start":{"line":323,"column":8},"end":{"line":323,"column":21}},{"start":{"line":324,"column":8},"end":{"line":326,"column":16}},{"start":{"line":328,"column":8},"end":{"line":332,"column":16}}]},"38":{"line":361,"type":"if","locations":[{"start":{"line":361,"column":6},"end":{"line":361,"column":6}},{"start":{"line":361,"column":6},"end":{"line":361,"column":6}}]},"39":{"line":366,"type":"if","locations":[{"start":{"line":366,"column":8},"end":{"line":366,"column":8}},{"start":{"line":366,"column":8},"end":{"line":366,"column":8}}]}}},"/Users/alisabelousova/WebstormProjects/sispo/api/services/protocols/index.js":{"path":"/Users/alisabelousova/WebstormProjects/sispo/api/services/protocols/index.js","s":{"1":1},"b":{},"f":{},"fnMap":{},"statementMap":{"1":{"start":{"line":14,"column":0},"end":{"line":21,"column":2}}},"branchMap":{}},"/Users/alisabelousova/WebstormProjects/sispo/api/services/protocols/basic.js":{"path":"/Users/alisabelousova/WebstormProjects/sispo/api/services/protocols/basic.js","s":{"1":1,"2":1,"3":1,"4":0,"5":0,"6":0,"7":0,"8":0,"9":0,"10":0,"11":0,"12":0,"13":0,"14":0,"15":0,"16":0,"17":0,"18":0,"19":0,"20":0,"21":0,"22":0,"23":0,"24":0,"25":0,"26":0,"27":0,"28":0,"29":0,"30":0,"31":0,"32":1,"33":0,"34":0,"35":0,"36":0,"37":0,"38":0,"39":0,"40":0,"41":1,"42":0,"43":0,"44":0,"45":0,"46":0,"47":0,"48":0,"49":0,"50":0,"51":0,"52":0,"53":0,"54":0,"55":0,"56":0,"57":0,"58":0,"59":0,"60":0,"61":0,"62":0,"63":0,"64":0},"b":{"1":[0,0],"2":[0,0],"3":[0,0],"4":[0,0],"5":[0,0],"6":[0,0],"7":[0,0],"8":[0,0],"9":[0,0],"10":[0,0],"11":[0,0],"12":[0,0],"13":[0,0],"14":[0,0],"15":[0,0],"16":[0,0],"17":[0,0]},"f":{"1":0,"2":0,"3":0,"4":0,"5":0,"6":0,"7":0,"8":0,"9":0,"10":0,"11":0,"12":0,"13":0,"14":0},"fnMap":{"1":{"name":"(anonymous_1)","line":41,"loc":{"start":{"line":41,"column":19},"end":{"line":41,"column":45}}},"2":{"name":"(anonymous_2)","line":55,"loc":{"start":{"line":55,"column":33},"end":{"line":55,"column":54}}},"3":{"name":"(anonymous_3)","line":68,"loc":{"start":{"line":68,"column":7},"end":{"line":68,"column":32}}},"4":{"name":"(anonymous_4)","line":74,"loc":{"start":{"line":74,"column":28},"end":{"line":74,"column":50}}},"5":{"name":"(anonymous_5)","line":86,"loc":{"start":{"line":86,"column":31},"end":{"line":86,"column":55}}},"6":{"name":"(anonymous_6)","line":97,"loc":{"start":{"line":97,"column":39},"end":{"line":97,"column":65}}},"7":{"name":"(anonymous_7)","line":109,"loc":{"start":{"line":109,"column":13},"end":{"line":109,"column":33}}},"8":{"name":"(anonymous_8)","line":130,"loc":{"start":{"line":130,"column":18},"end":{"line":130,"column":44}}},"9":{"name":"(anonymous_9)","line":137,"loc":{"start":{"line":137,"column":5},"end":{"line":137,"column":30}}},"10":{"name":"(anonymous_10)","line":147,"loc":{"start":{"line":147,"column":9},"end":{"line":147,"column":34}}},"11":{"name":"(anonymous_11)","line":169,"loc":{"start":{"line":169,"column":16},"end":{"line":169,"column":59}}},"12":{"name":"(anonymous_12)","line":180,"loc":{"start":{"line":180,"column":22},"end":{"line":180,"column":43}}},"13":{"name":"(anonymous_13)","line":194,"loc":{"start":{"line":194,"column":7},"end":{"line":194,"column":32}}},"14":{"name":"(anonymous_14)","line":198,"loc":{"start":{"line":198,"column":44},"end":{"line":198,"column":64}}}},"statementMap":{"1":{"start":{"line":1,"column":0},"end":{"line":8,"column":48}},"2":{"start":{"line":10,"column":0},"end":{"line":16,"column":3}},"3":{"start":{"line":41,"column":0},"end":{"line":117,"column":2}},"4":{"start":{"line":43,"column":2},"end":{"line":47,"column":86}},"5":{"start":{"line":49,"column":2},"end":{"line":49,"column":64}},"6":{"start":{"line":51,"column":2},"end":{"line":53,"column":3}},"7":{"start":{"line":52,"column":4},"end":{"line":52,"column":65}},"8":{"start":{"line":55,"column":2},"end":{"line":81,"column":5}},"9":{"start":{"line":56,"column":4},"end":{"line":59,"column":5}},"10":{"start":{"line":57,"column":6},"end":{"line":57,"column":28}},"11":{"start":{"line":58,"column":6},"end":{"line":58,"column":23}},"12":{"start":{"line":61,"column":4},"end":{"line":61,"column":33}},"13":{"start":{"line":63,"column":4},"end":{"line":80,"column":7}},"14":{"start":{"line":69,"column":6},"end":{"line":77,"column":7}},"15":{"start":{"line":70,"column":8},"end":{"line":72,"column":9}},"16":{"start":{"line":71,"column":10},"end":{"line":71,"column":64}},"17":{"start":{"line":73,"column":8},"end":{"line":73,"column":41}},"18":{"start":{"line":74,"column":8},"end":{"line":76,"column":11}},"19":{"start":{"line":75,"column":10},"end":{"line":75,"column":34}},"20":{"start":{"line":79,"column":6},"end":{"line":79,"column":23}},"21":{"start":{"line":86,"column":2},"end":{"line":116,"column":5}},"22":{"start":{"line":87,"column":4},"end":{"line":115,"column":5}},"23":{"start":{"line":88,"column":6},"end":{"line":88,"column":23}},"24":{"start":{"line":91,"column":6},"end":{"line":95,"column":8}},"25":{"start":{"line":97,"column":6},"end":{"line":114,"column":9}},"26":{"start":{"line":98,"column":8},"end":{"line":113,"column":9}},"27":{"start":{"line":99,"column":10},"end":{"line":99,"column":27}},"28":{"start":{"line":101,"column":10},"end":{"line":112,"column":13}},"29":{"start":{"line":110,"column":12},"end":{"line":110,"column":38}},"30":{"start":{"line":110,"column":21},"end":{"line":110,"column":38}},"31":{"start":{"line":111,"column":12},"end":{"line":111,"column":30}},"32":{"start":{"line":130,"column":0},"end":{"line":155,"column":2}},"33":{"start":{"line":131,"column":2},"end":{"line":132,"column":39}},"34":{"start":{"line":134,"column":2},"end":{"line":154,"column":5}},"35":{"start":{"line":138,"column":4},"end":{"line":140,"column":5}},"36":{"start":{"line":139,"column":6},"end":{"line":139,"column":23}},"37":{"start":{"line":142,"column":4},"end":{"line":153,"column":5}},"38":{"start":{"line":143,"column":6},"end":{"line":149,"column":9}},"39":{"start":{"line":148,"column":8},"end":{"line":148,"column":24}},"40":{"start":{"line":152,"column":6},"end":{"line":152,"column":23}},"41":{"start":{"line":169,"column":0},"end":{"line":217,"column":2}},"42":{"start":{"line":170,"column":2},"end":{"line":171,"column":19}},"43":{"start":{"line":173,"column":2},"end":{"line":178,"column":3}},"44":{"start":{"line":174,"column":4},"end":{"line":174,"column":29}},"45":{"start":{"line":177,"column":4},"end":{"line":177,"column":32}},"46":{"start":{"line":180,"column":2},"end":{"line":216,"column":5}},"47":{"start":{"line":181,"column":4},"end":{"line":183,"column":5}},"48":{"start":{"line":182,"column":6},"end":{"line":182,"column":23}},"49":{"start":{"line":185,"column":4},"end":{"line":187,"column":5}},"50":{"start":{"line":186,"column":6},"end":{"line":186,"column":31}},"51":{"start":{"line":189,"column":4},"end":{"line":189,"column":19}},"52":{"start":{"line":191,"column":4},"end":{"line":215,"column":7}},"53":{"start":{"line":195,"column":6},"end":{"line":195,"column":23}},"54":{"start":{"line":196,"column":6},"end":{"line":214,"column":7}},"55":{"start":{"line":197,"column":8},"end":{"line":197,"column":23}},"56":{"start":{"line":198,"column":8},"end":{"line":210,"column":11}},"57":{"start":{"line":199,"column":10},"end":{"line":201,"column":11}},"58":{"start":{"line":200,"column":12},"end":{"line":200,"column":29}},"59":{"start":{"line":202,"column":10},"end":{"line":202,"column":25}},"60":{"start":{"line":204,"column":10},"end":{"line":209,"column":11}},"61":{"start":{"line":205,"column":12},"end":{"line":205,"column":37}},"62":{"start":{"line":207,"column":12},"end":{"line":207,"column":27}},"63":{"start":{"line":208,"column":12},"end":{"line":208,"column":36}},"64":{"start":{"line":213,"column":8},"end":{"line":213,"column":33}}},"branchMap":{"1":{"line":51,"type":"if","locations":[{"start":{"line":51,"column":2},"end":{"line":51,"column":2}},{"start":{"line":51,"column":2},"end":{"line":51,"column":2}}]},"2":{"line":51,"type":"binary-expr","locations":[{"start":{"line":51,"column":6},"end":{"line":51,"column":12}},{"start":{"line":51,"column":16},"end":{"line":51,"column":25}}]},"3":{"line":56,"type":"if","locations":[{"start":{"line":56,"column":4},"end":{"line":56,"column":4}},{"start":{"line":56,"column":4},"end":{"line":56,"column":4}}]},"4":{"line":69,"type":"if","locations":[{"start":{"line":69,"column":6},"end":{"line":69,"column":6}},{"start":{"line":69,"column":6},"end":{"line":69,"column":6}}]},"5":{"line":70,"type":"if","locations":[{"start":{"line":70,"column":8},"end":{"line":70,"column":8}},{"start":{"line":70,"column":8},"end":{"line":70,"column":8}}]},"6":{"line":75,"type":"binary-expr","locations":[{"start":{"line":75,"column":15},"end":{"line":75,"column":25}},{"start":{"line":75,"column":29},"end":{"line":75,"column":32}}]},"7":{"line":87,"type":"if","locations":[{"start":{"line":87,"column":4},"end":{"line":87,"column":4}},{"start":{"line":87,"column":4},"end":{"line":87,"column":4}}]},"8":{"line":98,"type":"if","locations":[{"start":{"line":98,"column":8},"end":{"line":98,"column":8}},{"start":{"line":98,"column":8},"end":{"line":98,"column":8}}]},"9":{"line":110,"type":"if","locations":[{"start":{"line":110,"column":12},"end":{"line":110,"column":12}},{"start":{"line":110,"column":12},"end":{"line":110,"column":12}}]},"10":{"line":138,"type":"if","locations":[{"start":{"line":138,"column":4},"end":{"line":138,"column":4}},{"start":{"line":138,"column":4},"end":{"line":138,"column":4}}]},"11":{"line":142,"type":"if","locations":[{"start":{"line":142,"column":4},"end":{"line":142,"column":4}},{"start":{"line":142,"column":4},"end":{"line":142,"column":4}}]},"12":{"line":173,"type":"if","locations":[{"start":{"line":173,"column":2},"end":{"line":173,"column":2}},{"start":{"line":173,"column":2},"end":{"line":173,"column":2}}]},"13":{"line":181,"type":"if","locations":[{"start":{"line":181,"column":4},"end":{"line":181,"column":4}},{"start":{"line":181,"column":4},"end":{"line":181,"column":4}}]},"14":{"line":185,"type":"if","locations":[{"start":{"line":185,"column":4},"end":{"line":185,"column":4}},{"start":{"line":185,"column":4},"end":{"line":185,"column":4}}]},"15":{"line":196,"type":"if","locations":[{"start":{"line":196,"column":6},"end":{"line":196,"column":6}},{"start":{"line":196,"column":6},"end":{"line":196,"column":6}}]},"16":{"line":199,"type":"if","locations":[{"start":{"line":199,"column":10},"end":{"line":199,"column":10}},{"start":{"line":199,"column":10},"end":{"line":199,"column":10}}]},"17":{"line":204,"type":"if","locations":[{"start":{"line":204,"column":10},"end":{"line":204,"column":10}},{"start":{"line":204,"column":10},"end":{"line":204,"column":10}}]}}},"/Users/alisabelousova/WebstormProjects/sispo/api/services/protocols/oauth.js":{"path":"/Users/alisabelousova/WebstormProjects/sispo/api/services/protocols/oauth.js","s":{"1":1,"2":0,"3":0,"4":0,"5":0},"b":{"1":[0,0]},"f":{"1":0},"fnMap":{"1":{"name":"(anonymous_1)","line":20,"loc":{"start":{"line":20,"column":17},"end":{"line":20,"column":67}}}},"statementMap":{"1":{"start":{"line":20,"column":0},"end":{"line":32,"column":2}},"2":{"start":{"line":21,"column":2},"end":{"line":25,"column":6}},"3":{"start":{"line":27,"column":2},"end":{"line":29,"column":3}},"4":{"start":{"line":28,"column":4},"end":{"line":28,"column":43}},"5":{"start":{"line":31,"column":2},"end":{"line":31,"column":46}}},"branchMap":{"1":{"line":27,"type":"if","locations":[{"start":{"line":27,"column":2},"end":{"line":27,"column":2}},{"start":{"line":27,"column":2},"end":{"line":27,"column":2}}]}}},"/Users/alisabelousova/WebstormProjects/sispo/api/services/protocols/oauth2.js":{"path":"/Users/alisabelousova/WebstormProjects/sispo/api/services/protocols/oauth2.js","s":{"1":1,"2":0,"3":0,"4":0,"5":0},"b":{"1":[0,0]},"f":{"1":0},"fnMap":{"1":{"name":"(anonymous_1)","line":21,"loc":{"start":{"line":21,"column":17},"end":{"line":21,"column":74}}}},"statementMap":{"1":{"start":{"line":21,"column":0},"end":{"line":33,"column":2}},"2":{"start":{"line":22,"column":2},"end":{"line":26,"column":6}},"3":{"start":{"line":28,"column":2},"end":{"line":30,"column":3}},"4":{"start":{"line":29,"column":4},"end":{"line":29,"column":45}},"5":{"start":{"line":32,"column":2},"end":{"line":32,"column":46}}},"branchMap":{"1":{"line":28,"type":"if","locations":[{"start":{"line":28,"column":2},"end":{"line":28,"column":2}},{"start":{"line":28,"column":2},"end":{"line":28,"column":2}}]}}},"/Users/alisabelousova/WebstormProjects/sispo/api/services/protocols/openid.js":{"path":"/Users/alisabelousova/WebstormProjects/sispo/api/services/protocols/openid.js","s":{"1":1,"2":0,"3":0},"b":{},"f":{"1":0},"fnMap":{"1":{"name":"(anonymous_1)","line":18,"loc":{"start":{"line":18,"column":17},"end":{"line":18,"column":59}}}},"statementMap":{"1":{"start":{"line":18,"column":0},"end":{"line":25,"column":2}},"2":{"start":{"line":19,"column":2},"end":{"line":22,"column":4}},"3":{"start":{"line":24,"column":2},"end":{"line":24,"column":46}}},"branchMap":{}},"/Users/alisabelousova/WebstormProjects/sispo/api/services/protocols/bearer.js":{"path":"/Users/alisabelousova/WebstormProjects/sispo/api/services/protocols/bearer.js","s":{"1":1,"2":0,"3":0,"4":0,"5":0,"6":0,"7":0,"8":0,"9":0,"10":0,"11":0,"12":0},"b":{"1":[0,0],"2":[0,0],"3":[0,0],"4":[0,0]},"f":{"1":0,"2":0,"3":0},"fnMap":{"1":{"name":"(anonymous_1)","line":11,"loc":{"start":{"line":11,"column":20},"end":{"line":11,"column":42}}},"2":{"name":"(anonymous_2)","line":13,"loc":{"start":{"line":13,"column":43},"end":{"line":13,"column":67}}},"3":{"name":"(anonymous_3)","line":16,"loc":{"start":{"line":16,"column":33},"end":{"line":16,"column":53}}}},"statementMap":{"1":{"start":{"line":11,"column":0},"end":{"line":23,"column":2}},"2":{"start":{"line":13,"column":2},"end":{"line":21,"column":5}},"3":{"start":{"line":14,"column":4},"end":{"line":14,"column":34}},"4":{"start":{"line":14,"column":15},"end":{"line":14,"column":32}},"5":{"start":{"line":15,"column":4},"end":{"line":15,"column":48}},"6":{"start":{"line":15,"column":21},"end":{"line":15,"column":46}},"7":{"start":{"line":16,"column":4},"end":{"line":20,"column":7}},"8":{"start":{"line":17,"column":6},"end":{"line":17,"column":36}},"9":{"start":{"line":17,"column":17},"end":{"line":17,"column":34}},"10":{"start":{"line":18,"column":6},"end":{"line":18,"column":46}},"11":{"start":{"line":18,"column":19},"end":{"line":18,"column":44}},"12":{"start":{"line":19,"column":6},"end":{"line":19,"column":48}}},"branchMap":{"1":{"line":14,"type":"if","locations":[{"start":{"line":14,"column":4},"end":{"line":14,"column":4}},{"start":{"line":14,"column":4},"end":{"line":14,"column":4}}]},"2":{"line":15,"type":"if","locations":[{"start":{"line":15,"column":4},"end":{"line":15,"column":4}},{"start":{"line":15,"column":4},"end":{"line":15,"column":4}}]},"3":{"line":17,"type":"if","locations":[{"start":{"line":17,"column":6},"end":{"line":17,"column":6}},{"start":{"line":17,"column":6},"end":{"line":17,"column":6}}]},"4":{"line":18,"type":"if","locations":[{"start":{"line":18,"column":6},"end":{"line":18,"column":6}},{"start":{"line":18,"column":6},"end":{"line":18,"column":6}}]}}},"/Users/alisabelousova/WebstormProjects/sispo/api/services/protocols/cas.js":{"path":"/Users/alisabelousova/WebstormProjects/sispo/api/services/protocols/cas.js","s":{"1":1,"2":0,"3":0},"b":{},"f":{"1":0},"fnMap":{"1":{"name":"(anonymous_1)","line":11,"loc":{"start":{"line":11,"column":17},"end":{"line":11,"column":50}}}},"statementMap":{"1":{"start":{"line":11,"column":0},"end":{"line":18,"column":2}},"2":{"start":{"line":12,"column":2},"end":{"line":15,"column":4}},"3":{"start":{"line":17,"column":2},"end":{"line":17,"column":61}}},"branchMap":{}},"/Users/alisabelousova/WebstormProjects/sispo/api/services/sitemap.js":{"path":"/Users/alisabelousova/WebstormProjects/sispo/api/services/sitemap.js","s":{"1":1,"2":1,"3":1,"4":1,"5":1,"6":14,"7":1,"8":1,"9":96,"10":1},"b":{},"f":{"1":1,"2":1,"3":14,"4":1,"5":96},"fnMap":{"1":{"name":"(anonymous_1)","line":18,"loc":{"start":{"line":18,"column":16},"end":{"line":18,"column":42}}},"2":{"name":"(anonymous_2)","line":21,"loc":{"start":{"line":21,"column":10},"end":{"line":21,"column":31}}},"3":{"name":"(anonymous_3)","line":22,"loc":{"start":{"line":22,"column":19},"end":{"line":22,"column":42}}},"4":{"name":"(anonymous_4)","line":29,"loc":{"start":{"line":29,"column":10},"end":{"line":29,"column":31}}},"5":{"name":"(anonymous_5)","line":30,"loc":{"start":{"line":30,"column":19},"end":{"line":30,"column":42}}}},"statementMap":{"1":{"start":{"line":5,"column":0},"end":{"line":5,"column":28}},"2":{"start":{"line":7,"column":0},"end":{"line":16,"column":3}},"3":{"start":{"line":18,"column":0},"end":{"line":34,"column":2}},"4":{"start":{"line":19,"column":2},"end":{"line":25,"column":5}},"5":{"start":{"line":22,"column":4},"end":{"line":24,"column":7}},"6":{"start":{"line":23,"column":6},"end":{"line":23,"column":48}},"7":{"start":{"line":27,"column":2},"end":{"line":33,"column":5}},"8":{"start":{"line":30,"column":4},"end":{"line":32,"column":7}},"9":{"start":{"line":31,"column":6},"end":{"line":31,"column":48}},"10":{"start":{"line":36,"column":0},"end":{"line":36,"column":25}}},"branchMap":{}},"/Users/alisabelousova/WebstormProjects/sispo/api/models/Alert.js":{"path":"/Users/alisabelousova/WebstormProjects/sispo/api/models/Alert.js","s":{"1":1},"b":{},"f":{},"fnMap":{},"statementMap":{"1":{"start":{"line":5,"column":0},"end":{"line":10,"column":2}}},"branchMap":{}},"/Users/alisabelousova/WebstormProjects/sispo/api/models/Breed.js":{"path":"/Users/alisabelousova/WebstormProjects/sispo/api/models/Breed.js","s":{"1":1},"b":{},"f":{},"fnMap":{},"statementMap":{"1":{"start":{"line":5,"column":0},"end":{"line":11,"column":2}}},"branchMap":{}},"/Users/alisabelousova/WebstormProjects/sispo/api/models/Comment.js":{"path":"/Users/alisabelousova/WebstormProjects/sispo/api/models/Comment.js","s":{"1":1},"b":{},"f":{},"fnMap":{},"statementMap":{"1":{"start":{"line":5,"column":0},"end":{"line":13,"column":2}}},"branchMap":{}},"/Users/alisabelousova/WebstormProjects/sispo/api/models/CommentChain.js":{"path":"/Users/alisabelousova/WebstormProjects/sispo/api/models/CommentChain.js","s":{"1":1},"b":{},"f":{},"fnMap":{},"statementMap":{"1":{"start":{"line":5,"column":0},"end":{"line":10,"column":2}}},"branchMap":{}},"/Users/alisabelousova/WebstormProjects/sispo/api/models/Kind.js":{"path":"/Users/alisabelousova/WebstormProjects/sispo/api/models/Kind.js","s":{"1":1},"b":{},"f":{},"fnMap":{},"statementMap":{"1":{"start":{"line":5,"column":0},"end":{"line":10,"column":2}}},"branchMap":{}},"/Users/alisabelousova/WebstormProjects/sispo/api/models/Mail.js":{"path":"/Users/alisabelousova/WebstormProjects/sispo/api/models/Mail.js","s":{"1":1},"b":{},"f":{},"fnMap":{},"statementMap":{"1":{"start":{"line":5,"column":0},"end":{"line":13,"column":2}}},"branchMap":{}},"/Users/alisabelousova/WebstormProjects/sispo/api/models/MailChain.js":{"path":"/Users/alisabelousova/WebstormProjects/sispo/api/models/MailChain.js","s":{"1":1},"b":{},"f":{},"fnMap":{},"statementMap":{"1":{"start":{"line":5,"column":0},"end":{"line":11,"column":2}}},"branchMap":{}},"/Users/alisabelousova/WebstormProjects/sispo/api/models/Passport.js":{"path":"/Users/alisabelousova/WebstormProjects/sispo/api/models/Passport.js","s":{"1":1,"2":1,"3":0,"4":0,"5":0,"6":0,"7":0,"8":1,"9":0,"10":0,"11":0,"12":1},"b":{"1":[0,0]},"f":{"1":0,"2":0,"3":0,"4":0,"5":0},"fnMap":{"1":{"name":"hashPassword","line":9,"loc":{"start":{"line":9,"column":0},"end":{"line":9,"column":39}}},"2":{"name":"(anonymous_2)","line":11,"loc":{"start":{"line":11,"column":39},"end":{"line":11,"column":60}}},"3":{"name":"(anonymous_3)","line":84,"loc":{"start":{"line":84,"column":22},"end":{"line":84,"column":48}}},"4":{"name":"(anonymous_4)","line":96,"loc":{"start":{"line":96,"column":16},"end":{"line":96,"column":42}}},"5":{"name":"(anonymous_5)","line":106,"loc":{"start":{"line":106,"column":16},"end":{"line":106,"column":42}}}},"statementMap":{"1":{"start":{"line":1,"column":0},"end":{"line":1,"column":33}},"2":{"start":{"line":9,"column":0},"end":{"line":18,"column":1}},"3":{"start":{"line":10,"column":2},"end":{"line":17,"column":3}},"4":{"start":{"line":11,"column":4},"end":{"line":14,"column":7}},"5":{"start":{"line":12,"column":6},"end":{"line":12,"column":31}},"6":{"start":{"line":13,"column":6},"end":{"line":13,"column":26}},"7":{"start":{"line":16,"column":4},"end":{"line":16,"column":25}},"8":{"start":{"line":34,"column":0},"end":{"line":109,"column":2}},"9":{"start":{"line":85,"column":6},"end":{"line":85,"column":52}},"10":{"start":{"line":97,"column":4},"end":{"line":97,"column":33}},"11":{"start":{"line":107,"column":4},"end":{"line":107,"column":33}},"12":{"start":{"line":111,"column":0},"end":{"line":111,"column":26}}},"branchMap":{"1":{"line":10,"type":"if","locations":[{"start":{"line":10,"column":2},"end":{"line":10,"column":2}},{"start":{"line":10,"column":2},"end":{"line":10,"column":2}}]}}},"/Users/alisabelousova/WebstormProjects/sispo/api/models/Post.js":{"path":"/Users/alisabelousova/WebstormProjects/sispo/api/models/Post.js","s":{"1":1,"2":1},"b":{},"f":{},"fnMap":{},"statementMap":{"1":{"start":{"line":8,"column":0},"end":{"line":21,"column":2}},"2":{"start":{"line":23,"column":0},"end":{"line":23,"column":22}}},"branchMap":{}},"/Users/alisabelousova/WebstormProjects/sispo/api/models/Tag.js":{"path":"/Users/alisabelousova/WebstormProjects/sispo/api/models/Tag.js","s":{"1":1},"b":{},"f":{},"fnMap":{},"statementMap":{"1":{"start":{"line":5,"column":0},"end":{"line":10,"column":2}}},"branchMap":{}},"/Users/alisabelousova/WebstormProjects/sispo/api/models/User.js":{"path":"/Users/alisabelousova/WebstormProjects/sispo/api/models/User.js","s":{"1":1,"2":1},"b":{},"f":{},"fnMap":{},"statementMap":{"1":{"start":{"line":1,"column":0},"end":{"line":24,"column":2}},"2":{"start":{"line":26,"column":0},"end":{"line":26,"column":22}}},"branchMap":{}},"/Users/alisabelousova/WebstormProjects/sispo/api/controllers/AuthController.js":{"path":"/Users/alisabelousova/WebstormProjects/sispo/api/controllers/AuthController.js","s":{"1":1,"2":0,"3":0,"4":0,"5":0,"6":0,"7":0,"8":0,"9":0,"10":0,"11":0,"12":1,"13":0,"14":0,"15":0,"16":0,"17":0,"18":0,"19":0,"20":0,"21":0,"22":0,"23":0,"24":0,"25":0,"26":0,"27":0,"28":0,"29":1},"b":{"1":[0,0],"2":[0,0],"3":[0,0,0],"4":[0,0],"5":[0,0],"6":[0,0]},"f":{"1":0,"2":0,"3":0,"4":0,"5":0,"6":0,"7":0,"8":0,"9":0},"fnMap":{"1":{"name":"(anonymous_1)","line":21,"loc":{"start":{"line":21,"column":9},"end":{"line":21,"column":29}}},"2":{"name":"(anonymous_2)","line":26,"loc":{"start":{"line":26,"column":36},"end":{"line":26,"column":51}}},"3":{"name":"(anonymous_3)","line":57,"loc":{"start":{"line":57,"column":10},"end":{"line":57,"column":30}}},"4":{"name":"(anonymous_4)","line":73,"loc":{"start":{"line":73,"column":12},"end":{"line":73,"column":32}}},"5":{"name":"(anonymous_5)","line":93,"loc":{"start":{"line":93,"column":12},"end":{"line":93,"column":32}}},"6":{"name":"tryAgain","line":94,"loc":{"start":{"line":94,"column":4},"end":{"line":94,"column":28}}},"7":{"name":"(anonymous_7)","line":113,"loc":{"start":{"line":113,"column":32},"end":{"line":113,"column":75}}},"8":{"name":"(anonymous_8)","line":118,"loc":{"start":{"line":118,"column":22},"end":{"line":118,"column":37}}},"9":{"name":"(anonymous_9)","line":143,"loc":{"start":{"line":143,"column":14},"end":{"line":143,"column":34}}}},"statementMap":{"1":{"start":{"line":8,"column":0},"end":{"line":146,"column":2}},"2":{"start":{"line":22,"column":4},"end":{"line":23,"column":24}},"3":{"start":{"line":26,"column":4},"end":{"line":35,"column":7}},"4":{"start":{"line":27,"column":6},"end":{"line":29,"column":7}},"5":{"start":{"line":28,"column":8},"end":{"line":28,"column":15}},"6":{"start":{"line":31,"column":6},"end":{"line":34,"column":8}},"7":{"start":{"line":37,"column":4},"end":{"line":39,"column":7}},"8":{"start":{"line":58,"column":4},"end":{"line":58,"column":17}},"9":{"start":{"line":61,"column":4},"end":{"line":61,"column":38}},"10":{"start":{"line":63,"column":4},"end":{"line":63,"column":22}},"11":{"start":{"line":74,"column":4},"end":{"line":74,"column":32}},"12":{"start":{"line":94,"column":4},"end":{"line":111,"column":5}},"13":{"start":{"line":99,"column":6},"end":{"line":99,"column":39}},"14":{"start":{"line":101,"column":6},"end":{"line":110,"column":7}},"15":{"start":{"line":103,"column":10},"end":{"line":103,"column":36}},"16":{"start":{"line":104,"column":10},"end":{"line":104,"column":16}},"17":{"start":{"line":106,"column":10},"end":{"line":106,"column":31}},"18":{"start":{"line":107,"column":10},"end":{"line":107,"column":16}},"19":{"start":{"line":109,"column":10},"end":{"line":109,"column":33}},"20":{"start":{"line":113,"column":4},"end":{"line":134,"column":7}},"21":{"start":{"line":114,"column":6},"end":{"line":116,"column":7}},"22":{"start":{"line":115,"column":8},"end":{"line":115,"column":36}},"23":{"start":{"line":118,"column":6},"end":{"line":133,"column":9}},"24":{"start":{"line":120,"column":8},"end":{"line":123,"column":9}},"25":{"start":{"line":121,"column":10},"end":{"line":121,"column":31}},"26":{"start":{"line":126,"column":8},"end":{"line":126,"column":41}},"27":{"start":{"line":132,"column":8},"end":{"line":132,"column":42}},"28":{"start":{"line":144,"column":4},"end":{"line":144,"column":34}},"29":{"start":{"line":148,"column":0},"end":{"line":148,"column":32}}},"branchMap":{"1":{"line":27,"type":"if","locations":[{"start":{"line":27,"column":6},"end":{"line":27,"column":6}},{"start":{"line":27,"column":6},"end":{"line":27,"column":6}}]},"2":{"line":27,"type":"binary-expr","locations":[{"start":{"line":27,"column":10},"end":{"line":27,"column":25}},{"start":{"line":27,"column":29},"end":{"line":27,"column":45}}]},"3":{"line":101,"type":"switch","locations":[{"start":{"line":102,"column":8},"end":{"line":104,"column":16}},{"start":{"line":105,"column":8},"end":{"line":107,"column":16}},{"start":{"line":108,"column":8},"end":{"line":109,"column":33}}]},"4":{"line":114,"type":"if","locations":[{"start":{"line":114,"column":6},"end":{"line":114,"column":6}},{"start":{"line":114,"column":6},"end":{"line":114,"column":6}}]},"5":{"line":114,"type":"binary-expr","locations":[{"start":{"line":114,"column":10},"end":{"line":114,"column":13}},{"start":{"line":114,"column":17},"end":{"line":114,"column":22}}]},"6":{"line":120,"type":"if","locations":[{"start":{"line":120,"column":8},"end":{"line":120,"column":8}},{"start":{"line":120,"column":8},"end":{"line":120,"column":8}}]}}},"/Users/alisabelousova/WebstormProjects/sispo/api/controllers/MailChainController.js":{"path":"/Users/alisabelousova/WebstormProjects/sispo/api/controllers/MailChainController.js","s":{"1":1},"b":{},"f":{},"fnMap":{},"statementMap":{"1":{"start":{"line":5,"column":0},"end":{"line":7,"column":2}}},"branchMap":{}},"/Users/alisabelousova/WebstormProjects/sispo/api/controllers/MailController.js":{"path":"/Users/alisabelousova/WebstormProjects/sispo/api/controllers/MailController.js","s":{"1":1},"b":{},"f":{},"fnMap":{},"statementMap":{"1":{"start":{"line":5,"column":0},"end":{"line":7,"column":2}}},"branchMap":{}},"/Users/alisabelousova/WebstormProjects/sispo/api/controllers/PassportController.js":{"path":"/Users/alisabelousova/WebstormProjects/sispo/api/controllers/PassportController.js","s":{"1":1},"b":{},"f":{},"fnMap":{},"statementMap":{"1":{"start":{"line":5,"column":0},"end":{"line":7,"column":2}}},"branchMap":{}},"/Users/alisabelousova/WebstormProjects/sispo/api/controllers/PostController.js":{"path":"/Users/alisabelousova/WebstormProjects/sispo/api/controllers/PostController.js","s":{"1":1},"b":{},"f":{},"fnMap":{},"statementMap":{"1":{"start":{"line":8,"column":0},"end":{"line":10,"column":2}}},"branchMap":{}},"/Users/alisabelousova/WebstormProjects/sispo/api/controllers/UserController.js":{"path":"/Users/alisabelousova/WebstormProjects/sispo/api/controllers/UserController.js","s":{"1":1,"2":1,"3":1,"4":1,"5":1,"6":1,"7":0,"8":1,"9":0,"10":0,"11":0,"12":0,"13":0,"14":0,"15":0,"16":0,"17":0,"18":0,"19":0,"20":0,"21":0,"22":0},"b":{"1":[0,1],"2":[0,0],"3":[0,0]},"f":{"1":1,"2":1,"3":0,"4":0,"5":0,"6":0,"7":0,"8":0},"fnMap":{"1":{"name":"(anonymous_1)","line":15,"loc":{"start":{"line":15,"column":19},"end":{"line":15,"column":38}}},"2":{"name":"(anonymous_2)","line":22,"loc":{"start":{"line":22,"column":41},"end":{"line":22,"column":63}}},"3":{"name":"(anonymous_3)","line":31,"loc":{"start":{"line":31,"column":16},"end":{"line":31,"column":35}}},"4":{"name":"(anonymous_4)","line":36,"loc":{"start":{"line":36,"column":16},"end":{"line":36,"column":35}}},"5":{"name":"(anonymous_5)","line":38,"loc":{"start":{"line":38,"column":43},"end":{"line":38,"column":65}}},"6":{"name":"(anonymous_6)","line":49,"loc":{"start":{"line":49,"column":16},"end":{"line":49,"column":35}}},"7":{"name":"(anonymous_7)","line":58,"loc":{"start":{"line":58,"column":12},"end":{"line":58,"column":38}}},"8":{"name":"(anonymous_8)","line":65,"loc":{"start":{"line":65,"column":17},"end":{"line":65,"column":36}}}},"statementMap":{"1":{"start":{"line":8,"column":0},"end":{"line":11,"column":49}},"2":{"start":{"line":14,"column":0},"end":{"line":72,"column":2}},"3":{"start":{"line":16,"column":4},"end":{"line":20,"column":6}},"4":{"start":{"line":22,"column":4},"end":{"line":28,"column":7}},"5":{"start":{"line":23,"column":6},"end":{"line":23,"column":31}},"6":{"start":{"line":24,"column":6},"end":{"line":26,"column":7}},"7":{"start":{"line":25,"column":8},"end":{"line":25,"column":36}},"8":{"start":{"line":27,"column":6},"end":{"line":27,"column":25}},"9":{"start":{"line":32,"column":4},"end":{"line":32,"column":26}},"10":{"start":{"line":33,"column":4},"end":{"line":33,"column":23}},"11":{"start":{"line":38,"column":4},"end":{"line":46,"column":7}},"12":{"start":{"line":41,"column":6},"end":{"line":41,"column":43}},"13":{"start":{"line":41,"column":15},"end":{"line":41,"column":43}},"14":{"start":{"line":44,"column":6},"end":{"line":44,"column":25}},"15":{"start":{"line":45,"column":6},"end":{"line":45,"column":40}},"16":{"start":{"line":50,"column":4},"end":{"line":53,"column":6}},"17":{"start":{"line":55,"column":4},"end":{"line":62,"column":9}},"18":{"start":{"line":59,"column":8},"end":{"line":59,"column":34}},"19":{"start":{"line":59,"column":17},"end":{"line":59,"column":34}},"20":{"start":{"line":61,"column":8},"end":{"line":61,"column":42}},"21":{"start":{"line":66,"column":4},"end":{"line":66,"column":32}},"22":{"start":{"line":67,"column":4},"end":{"line":67,"column":91}}},"branchMap":{"1":{"line":24,"type":"if","locations":[{"start":{"line":24,"column":6},"end":{"line":24,"column":6}},{"start":{"line":24,"column":6},"end":{"line":24,"column":6}}]},"2":{"line":41,"type":"if","locations":[{"start":{"line":41,"column":6},"end":{"line":41,"column":6}},{"start":{"line":41,"column":6},"end":{"line":41,"column":6}}]},"3":{"line":59,"type":"if","locations":[{"start":{"line":59,"column":8},"end":{"line":59,"column":8}},{"start":{"line":59,"column":8},"end":{"line":59,"column":8}}]}}},"/Users/alisabelousova/WebstormProjects/sispo/api/policies/basicAuth.js":{"path":"/Users/alisabelousova/WebstormProjects/sispo/api/policies/basicAuth.js","s":{"1":1,"2":0,"3":0},"b":{},"f":{"1":0},"fnMap":{"1":{"name":"(anonymous_1)","line":15,"loc":{"start":{"line":15,"column":17},"end":{"line":15,"column":43}}}},"statementMap":{"1":{"start":{"line":15,"column":0},"end":{"line":25,"column":2}},"2":{"start":{"line":16,"column":2},"end":{"line":16,"column":21}},"3":{"start":{"line":17,"column":2},"end":{"line":17,"column":76}}},"branchMap":{}},"/Users/alisabelousova/WebstormProjects/sispo/api/policies/bearerAuth.js":{"path":"/Users/alisabelousova/WebstormProjects/sispo/api/policies/bearerAuth.js","s":{"1":1,"2":0},"b":{},"f":{"1":0},"fnMap":{"1":{"name":"(anonymous_1)","line":15,"loc":{"start":{"line":15,"column":17},"end":{"line":15,"column":43}}}},"statementMap":{"1":{"start":{"line":15,"column":0},"end":{"line":19,"column":2}},"2":{"start":{"line":17,"column":2},"end":{"line":17,"column":77}}},"branchMap":{}},"/Users/alisabelousova/WebstormProjects/sispo/api/policies/bodyParser.js":{"path":"/Users/alisabelousova/WebstormProjects/sispo/api/policies/bodyParser.js","s":{"1":1,"2":1,"3":1,"4":1},"b":{},"f":{"1":1},"fnMap":{"1":{"name":"(anonymous_1)","line":7,"loc":{"start":{"line":7,"column":17},"end":{"line":7,"column":43}}}},"statementMap":{"1":{"start":{"line":5,"column":0},"end":{"line":5,"column":40}},"2":{"start":{"line":7,"column":0},"end":{"line":10,"column":2}},"3":{"start":{"line":8,"column":2},"end":{"line":8,"column":20}},"4":{"start":{"line":9,"column":2},"end":{"line":9,"column":9}}},"branchMap":{}},"/Users/alisabelousova/WebstormProjects/sispo/api/policies/passport.js":{"path":"/Users/alisabelousova/WebstormProjects/sispo/api/policies/passport.js","s":{"1":1,"2":1,"3":1,"4":1,"5":1},"b":{},"f":{"1":1,"2":1,"3":1},"fnMap":{"1":{"name":"(anonymous_1)","line":24,"loc":{"start":{"line":24,"column":17},"end":{"line":24,"column":43}}},"2":{"name":"(anonymous_2)","line":26,"loc":{"start":{"line":26,"column":34},"end":{"line":26,"column":46}}},"3":{"name":"(anonymous_3)","line":28,"loc":{"start":{"line":28,"column":33},"end":{"line":28,"column":45}}}},"statementMap":{"1":{"start":{"line":24,"column":0},"end":{"line":35,"column":2}},"2":{"start":{"line":26,"column":2},"end":{"line":34,"column":5}},"3":{"start":{"line":28,"column":4},"end":{"line":33,"column":7}},"4":{"start":{"line":30,"column":6},"end":{"line":30,"column":33}},"5":{"start":{"line":32,"column":6},"end":{"line":32,"column":13}}},"branchMap":{}},"/Users/alisabelousova/WebstormProjects/sispo/api/policies/sessionAuth.js":{"path":"/Users/alisabelousova/WebstormProjects/sispo/api/policies/sessionAuth.js","s":{"1":1,"2":0,"3":0,"4":0},"b":{"1":[0,0]},"f":{"1":0},"fnMap":{"1":{"name":"(anonymous_1)","line":10,"loc":{"start":{"line":10,"column":17},"end":{"line":10,"column":42}}}},"statementMap":{"1":{"start":{"line":10,"column":0},"end":{"line":21,"column":2}},"2":{"start":{"line":14,"column":2},"end":{"line":16,"column":3}},"3":{"start":{"line":15,"column":4},"end":{"line":15,"column":18}},"4":{"start":{"line":20,"column":2},"end":{"line":20,"column":72}}},"branchMap":{"1":{"line":14,"type":"if","locations":[{"start":{"line":14,"column":2},"end":{"line":14,"column":2}},{"start":{"line":14,"column":2},"end":{"line":14,"column":2}}]}}}}